UEE_Banking_App_Android/app/build/intermediates/manifest_merge_blame_file/debug/manifest-merger-blame-debug-report.txt
1<?xml version="1.0" encoding="utf-8"?>
2<manifest xmlns:android="http://schemas.android.com/apk/res/android"
3    package="com.example.uee_banking_app_android"
4    android:versionCode="1"
5    android:versionName="1.0" >
6
7    <uses-sdk
8        android:minSdkVersion="22"
8-->src\main\AndroidManifest.xml
9        android:targetSdkVersion="29" />
9-->src\main\AndroidManifest.xml
10
11    <application
11-->src\main\AndroidManifest.xml:5:5-29:19
12        android:allowBackup="true"
12-->src\main\AndroidManifest.xml:6:9-35
13        android:appComponentFactory="androidx.core.app.CoreComponentFactory"
13-->[androidx.core:core:1.0.1] AndroidManifest.xml:22:18-86
14        android:debuggable="true"
15        android:icon="@mipmap/ic_launcher"
15-->src\main\AndroidManifest.xml:7:9-43
16        android:label="@string/app_name"
16-->src\main\AndroidManifest.xml:8:9-41
17        android:roundIcon="@mipmap/ic_launcher_round"
17-->src\main\AndroidManifest.xml:9:9-54
18        android:supportsRtl="true"
18-->src\main\AndroidManifest.xml:10:9-35
19        android:theme="@style/AppTheme" >
19-->src\main\AndroidManifest.xml:11:9-40
20        <activity android:name="com.example.uee_banking_app_android.OpenMessage" />
20-->src\main\AndroidManifest.xml:12:9-58
20-->src\main\AndroidManifest.xml:12:19-46
21        <activity android:name="com.example.uee_banking_app_android.ViewMessages" />
21-->src\main\AndroidManifest.xml:13:9-50
21-->src\main\AndroidManifest.xml:13:19-47
22        <activity android:name="com.example.uee_banking_app_android.MessageSent" />
22-->src\main\AndroidManifest.xml:14:9-49
22-->src\main\AndroidManifest.xml:14:19-46
23        <activity android:name="com.example.uee_banking_app_android.ComposeMessage" />
23-->src\main\AndroidManifest.xml:15:9-52
23-->src\main\AndroidManifest.xml:15:19-49
24        <activity android:name="com.example.uee_banking_app_android.ResetInstructions" />
24-->src\main\AndroidManifest.xml:16:9-55
24-->src\main\AndroidManifest.xml:16:19-52
25        <activity android:name="com.example.uee_banking_app_android.Register" />
25-->src\main\AndroidManifest.xml:17:9-46
25-->src\main\AndroidManifest.xml:17:19-43
26        <activity android:name="com.example.uee_banking_app_android.LoginDetailsMessage" />
26-->src\main\AndroidManifest.xml:18:9-57
26-->src\main\AndroidManifest.xml:18:19-54
27        <activity android:name="com.example.uee_banking_app_android.ForgotPassword" />
27-->src\main\AndroidManifest.xml:19:9-52
27-->src\main\AndroidManifest.xml:19:19-49
28        <activity android:name="com.example.uee_banking_app_android.menu_screen" />
28-->src\main\AndroidManifest.xml:20:9-49
28-->src\main\AndroidManifest.xml:20:19-46
29        <activity android:name="com.example.uee_banking_app_android.sms_verification" />
29-->src\main\AndroidManifest.xml:21:9-54
29-->src\main\AndroidManifest.xml:21:19-51
30        <activity android:name="com.example.uee_banking_app_android.MainActivity" >
30-->src\main\AndroidManifest.xml:22:9-28:20
30-->src\main\AndroidManifest.xml:22:19-47
31            <intent-filter>
31-->src\main\AndroidManifest.xml:23:13-27:29
32                <action android:name="android.intent.action.MAIN" />
32-->src\main\AndroidManifest.xml:24:17-69
32-->src\main\AndroidManifest.xml:24:25-66
33
34                <category android:name="android.intent.category.LAUNCHER" />
34-->src\main\AndroidManifest.xml:26:17-77
34-->src\main\AndroidManifest.xml:26:27-74
35            </intent-filter>
36        </activity>
37    </application>
38
39</manifest>